mode: count
app/src/bundles/health-check/service/health-check-service.go:15.39,17.2 1 1
app/src/bundles/health-check/service/health-check-service.go:19.38,24.2 2 1
app/src/bundles/health-check/controller/health-check-controller.go:19.84,22.2 2 1
app/src/bundles/health-check/controller/health-check-controller.go:24.88,29.2 4 1
app/src/bundles/decrypt-qr/service/aes-encryptor-service.go:17.39,19.2 1 1
app/src/bundles/decrypt-qr/service/aes-encryptor-service.go:35.76,37.36 2 2
app/src/bundles/decrypt-qr/service/aes-encryptor-service.go:41.2,42.42 2 2
app/src/bundles/decrypt-qr/service/aes-encryptor-service.go:45.2,46.53 2 1
app/src/bundles/decrypt-qr/service/aes-encryptor-service.go:56.2,56.25 1 1
app/src/bundles/decrypt-qr/service/aes-encryptor-service.go:37.36,39.3 1 0
app/src/bundles/decrypt-qr/service/aes-encryptor-service.go:42.42,44.3 1 1
app/src/bundles/decrypt-qr/service/aes-encryptor-service.go:46.53,48.13 2 11
app/src/bundles/decrypt-qr/service/aes-encryptor-service.go:53.3,53.44 1 11
app/src/bundles/decrypt-qr/service/aes-encryptor-service.go:48.13,50.4 1 10
app/src/bundles/decrypt-qr/service/aes-encryptor-service.go:50.9,52.4 1 1
app/src/bundles/decrypt-qr/service/aes-encryptor-service.go:59.34,60.16 1 4
app/src/bundles/decrypt-qr/service/aes-encryptor-service.go:64.2,64.12 1 3
app/src/bundles/decrypt-qr/service/aes-encryptor-service.go:60.16,63.3 2 1
app/src/bundles/decrypt-qr/service/decrypt-qr-service.go:31.45,33.2 1 1
app/src/bundles/decrypt-qr/service/decrypt-qr-service.go:35.159,42.25 6 2
app/src/bundles/decrypt-qr/service/decrypt-qr-service.go:47.2,50.19 4 1
app/src/bundles/decrypt-qr/service/decrypt-qr-service.go:55.2,60.26 5 1
app/src/bundles/decrypt-qr/service/decrypt-qr-service.go:42.25,46.3 3 1
app/src/bundles/decrypt-qr/service/decrypt-qr-service.go:50.19,54.3 3 0
app/src/bundles/decrypt-qr/controller/decrypt-qr-controller.go:26.83,29.2 2 1
app/src/bundles/decrypt-qr/controller/decrypt-qr-controller.go:31.87,38.22 5 5
app/src/bundles/decrypt-qr/controller/decrypt-qr-controller.go:45.2,46.16 2 3
app/src/bundles/decrypt-qr/controller/decrypt-qr-controller.go:51.2,52.20 2 2
app/src/bundles/decrypt-qr/controller/decrypt-qr-controller.go:59.2,63.18 3 2
app/src/bundles/decrypt-qr/controller/decrypt-qr-controller.go:69.2,69.57 1 1
app/src/bundles/decrypt-qr/controller/decrypt-qr-controller.go:75.2,77.44 3 1
app/src/bundles/decrypt-qr/controller/decrypt-qr-controller.go:38.22,42.3 3 2
app/src/bundles/decrypt-qr/controller/decrypt-qr-controller.go:46.16,49.3 2 1
app/src/bundles/decrypt-qr/controller/decrypt-qr-controller.go:52.20,56.3 3 0
app/src/bundles/decrypt-qr/controller/decrypt-qr-controller.go:63.18,67.3 3 1
app/src/bundles/decrypt-qr/controller/decrypt-qr-controller.go:69.57,73.3 3 0
